mode: set
github.com/sgnl-ai/caep.dev/ssfreceiver/ssf-hub/cmd/server/main.go:22.13,30.16 3 0
github.com/sgnl-ai/caep.dev/ssfreceiver/ssf-hub/cmd/server/main.go:30.16,32.3 1 0
github.com/sgnl-ai/caep.dev/ssfreceiver/ssf-hub/cmd/server/main.go:34.2,38.16 3 0
github.com/sgnl-ai/caep.dev/ssfreceiver/ssf-hub/cmd/server/main.go:38.16,40.3 1 0
github.com/sgnl-ai/caep.dev/ssfreceiver/ssf-hub/cmd/server/main.go:41.2,87.12 18 0
github.com/sgnl-ai/caep.dev/ssfreceiver/ssf-hub/cmd/server/main.go:87.12,89.80 2 0
github.com/sgnl-ai/caep.dev/ssfreceiver/ssf-hub/cmd/server/main.go:89.80,92.4 2 0
github.com/sgnl-ai/caep.dev/ssfreceiver/ssf-hub/cmd/server/main.go:96.2,107.45 7 0
github.com/sgnl-ai/caep.dev/ssfreceiver/ssf-hub/cmd/server/main.go:107.45,109.3 1 0
github.com/sgnl-ai/caep.dev/ssfreceiver/ssf-hub/cmd/server/main.go:111.2,111.40 1 0
github.com/sgnl-ai/caep.dev/ssfreceiver/ssf-hub/cmd/server/main.go:115.40,135.35 2 0
github.com/sgnl-ai/caep.dev/ssfreceiver/ssf-hub/cmd/server/main.go:135.35,137.3 1 0
github.com/sgnl-ai/caep.dev/ssfreceiver/ssf-hub/cmd/server/main.go:139.2,139.20 1 0
github.com/sgnl-ai/caep.dev/ssfreceiver/ssf-hub/cmd/server/main.go:143.46,144.42 1 0
github.com/sgnl-ai/caep.dev/ssfreceiver/ssf-hub/cmd/server/main.go:144.42,146.3 1 0
github.com/sgnl-ai/caep.dev/ssfreceiver/ssf-hub/cmd/server/main.go:147.2,147.21 1 0
github.com/sgnl-ai/caep.dev/ssfreceiver/ssf-hub/cmd/server/main.go:151.50,152.42 1 0
github.com/sgnl-ai/caep.dev/ssfreceiver/ssf-hub/cmd/server/main.go:152.42,153.55 1 0
github.com/sgnl-ai/caep.dev/ssfreceiver/ssf-hub/cmd/server/main.go:153.55,155.4 1 0
github.com/sgnl-ai/caep.dev/ssfreceiver/ssf-hub/cmd/server/main.go:157.2,157.21 1 0
github.com/sgnl-ai/caep.dev/ssfreceiver/ssf-hub/internal/distributor/distributor.go:52.60,53.31 1 0
github.com/sgnl-ai/caep.dev/ssfreceiver/ssf-hub/internal/distributor/distributor.go:53.31,60.3 1 0
github.com/sgnl-ai/caep.dev/ssfreceiver/ssf-hub/internal/distributor/distributor.go:62.2,63.22 2 0
github.com/sgnl-ai/caep.dev/ssfreceiver/ssf-hub/internal/distributor/distributor.go:63.22,65.3 1 0
github.com/sgnl-ai/caep.dev/ssfreceiver/ssf-hub/internal/distributor/distributor.go:67.2,75.3 1 0
github.com/sgnl-ai/caep.dev/ssfreceiver/ssf-hub/internal/distributor/distributor.go:79.106,85.57 2 0
github.com/sgnl-ai/caep.dev/ssfreceiver/ssf-hub/internal/distributor/distributor.go:85.57,88.17 2 0
github.com/sgnl-ai/caep.dev/ssfreceiver/ssf-hub/internal/distributor/distributor.go:88.17,93.12 2 0
github.com/sgnl-ai/caep.dev/ssfreceiver/ssf-hub/internal/distributor/distributor.go:97.3,97.54 1 0
github.com/sgnl-ai/caep.dev/ssfreceiver/ssf-hub/internal/distributor/distributor.go:97.54,101.12 2 0
github.com/sgnl-ai/caep.dev/ssfreceiver/ssf-hub/internal/distributor/distributor.go:105.3,105.35 1 0
github.com/sgnl-ai/caep.dev/ssfreceiver/ssf-hub/internal/distributor/distributor.go:106.37,107.49 1 0
github.com/sgnl-ai/caep.dev/ssfreceiver/ssf-hub/internal/distributor/distributor.go:108.11,111.40 1 0
github.com/sgnl-ai/caep.dev/ssfreceiver/ssf-hub/internal/distributor/distributor.go:115.2,115.12 1 0
github.com/sgnl-ai/caep.dev/ssfreceiver/ssf-hub/internal/distributor/distributor.go:119.113,122.48 2 0
github.com/sgnl-ai/caep.dev/ssfreceiver/ssf-hub/internal/distributor/distributor.go:122.48,123.50 1 0
github.com/sgnl-ai/caep.dev/ssfreceiver/ssf-hub/internal/distributor/distributor.go:123.50,125.9 2 0
github.com/sgnl-ai/caep.dev/ssfreceiver/ssf-hub/internal/distributor/distributor.go:129.2,129.23 1 0
github.com/sgnl-ai/caep.dev/ssfreceiver/ssf-hub/internal/distributor/distributor.go:129.23,131.3 1 0
github.com/sgnl-ai/caep.dev/ssfreceiver/ssf-hub/internal/distributor/distributor.go:134.2,134.42 1 0
github.com/sgnl-ai/caep.dev/ssfreceiver/ssf-hub/internal/distributor/distributor.go:134.42,135.29 1 0
github.com/sgnl-ai/caep.dev/ssfreceiver/ssf-hub/internal/distributor/distributor.go:135.29,137.4 1 0
github.com/sgnl-ai/caep.dev/ssfreceiver/ssf-hub/internal/distributor/distributor.go:140.2,140.13 1 0
github.com/sgnl-ai/caep.dev/ssfreceiver/ssf-hub/internal/distributor/distributor.go:144.120,154.2 2 0
github.com/sgnl-ai/caep.dev/ssfreceiver/ssf-hub/internal/distributor/distributor.go:157.164,160.69 2 0
github.com/sgnl-ai/caep.dev/ssfreceiver/ssf-hub/internal/distributor/distributor.go:160.69,172.17 8 0
github.com/sgnl-ai/caep.dev/ssfreceiver/ssf-hub/internal/distributor/distributor.go:172.17,174.4 1 0
github.com/sgnl-ai/caep.dev/ssfreceiver/ssf-hub/internal/distributor/distributor.go:177.3,180.14 3 0
github.com/sgnl-ai/caep.dev/ssfreceiver/ssf-hub/internal/distributor/distributor.go:180.14,195.86 5 0
github.com/sgnl-ai/caep.dev/ssfreceiver/ssf-hub/internal/distributor/distributor.go:195.86,199.5 1 0
github.com/sgnl-ai/caep.dev/ssfreceiver/ssf-hub/internal/distributor/distributor.go:201.4,201.10 1 0
github.com/sgnl-ai/caep.dev/ssfreceiver/ssf-hub/internal/distributor/distributor.go:205.3,217.17 4 0
github.com/sgnl-ai/caep.dev/ssfreceiver/ssf-hub/internal/distributor/distributor.go:217.17,219.4 1 0
github.com/sgnl-ai/caep.dev/ssfreceiver/ssf-hub/internal/distributor/distributor.go:220.3,220.92 1 0
github.com/sgnl-ai/caep.dev/ssfreceiver/ssf-hub/internal/distributor/distributor.go:220.92,224.4 1 0
github.com/sgnl-ai/caep.dev/ssfreceiver/ssf-hub/internal/distributor/distributor.go:227.3,227.42 1 0
github.com/sgnl-ai/caep.dev/ssfreceiver/ssf-hub/internal/distributor/distributor.go:227.42,237.11 3 0
github.com/sgnl-ai/caep.dev/ssfreceiver/ssf-hub/internal/distributor/distributor.go:238.22,240.11 2 0
github.com/sgnl-ai/caep.dev/ssfreceiver/ssf-hub/internal/distributor/distributor.go:241.31,241.31 0 0
github.com/sgnl-ai/caep.dev/ssfreceiver/ssf-hub/internal/distributor/distributor.go:246.4,247.43 2 0
github.com/sgnl-ai/caep.dev/ssfreceiver/ssf-hub/internal/distributor/distributor.go:247.43,249.5 1 0
github.com/sgnl-ai/caep.dev/ssfreceiver/ssf-hub/internal/distributor/distributor.go:250.9,258.4 2 0
github.com/sgnl-ai/caep.dev/ssfreceiver/ssf-hub/internal/distributor/distributor.go:263.191,266.16 2 0
github.com/sgnl-ai/caep.dev/ssfreceiver/ssf-hub/internal/distributor/distributor.go:266.16,268.3 1 0
github.com/sgnl-ai/caep.dev/ssfreceiver/ssf-hub/internal/distributor/distributor.go:271.2,272.16 2 0
github.com/sgnl-ai/caep.dev/ssfreceiver/ssf-hub/internal/distributor/distributor.go:272.16,274.3 1 0
github.com/sgnl-ai/caep.dev/ssfreceiver/ssf-hub/internal/distributor/distributor.go:277.2,283.59 5 0
github.com/sgnl-ai/caep.dev/ssfreceiver/ssf-hub/internal/distributor/distributor.go:283.59,285.3 1 0
github.com/sgnl-ai/caep.dev/ssfreceiver/ssf-hub/internal/distributor/distributor.go:288.2,289.16 2 0
github.com/sgnl-ai/caep.dev/ssfreceiver/ssf-hub/internal/distributor/distributor.go:289.16,291.3 1 0
github.com/sgnl-ai/caep.dev/ssfreceiver/ssf-hub/internal/distributor/distributor.go:292.2,303.47 7 0
github.com/sgnl-ai/caep.dev/ssfreceiver/ssf-hub/internal/distributor/distributor.go:307.98,308.28 1 0
github.com/sgnl-ai/caep.dev/ssfreceiver/ssf-hub/internal/distributor/distributor.go:309.27,311.13 1 0
github.com/sgnl-ai/caep.dev/ssfreceiver/ssf-hub/internal/distributor/distributor.go:313.29,314.32 1 0
github.com/sgnl-ai/caep.dev/ssfreceiver/ssf-hub/internal/distributor/distributor.go:314.32,316.4 1 0
github.com/sgnl-ai/caep.dev/ssfreceiver/ssf-hub/internal/distributor/distributor.go:317.3,318.13 2 0
github.com/sgnl-ai/caep.dev/ssfreceiver/ssf-hub/internal/distributor/distributor.go:320.27,321.33 1 0
github.com/sgnl-ai/caep.dev/ssfreceiver/ssf-hub/internal/distributor/distributor.go:321.33,323.4 1 0
github.com/sgnl-ai/caep.dev/ssfreceiver/ssf-hub/internal/distributor/distributor.go:325.3,325.63 1 0
github.com/sgnl-ai/caep.dev/ssfreceiver/ssf-hub/internal/distributor/distributor.go:327.29,329.65 1 0
github.com/sgnl-ai/caep.dev/ssfreceiver/ssf-hub/internal/distributor/distributor.go:331.10,332.79 1 0
github.com/sgnl-ai/caep.dev/ssfreceiver/ssf-hub/internal/distributor/distributor.go:337.56,339.2 1 0
github.com/sgnl-ai/caep.dev/ssfreceiver/ssf-hub/internal/distributor/distributor.go:342.61,344.2 1 0
github.com/sgnl-ai/caep.dev/ssfreceiver/ssf-hub/internal/distributor/distributor.go:347.48,350.16 2 0
github.com/sgnl-ai/caep.dev/ssfreceiver/ssf-hub/internal/distributor/distributor.go:350.16,352.3 1 0
github.com/sgnl-ai/caep.dev/ssfreceiver/ssf-hub/internal/distributor/distributor.go:354.2,354.12 1 0
github.com/sgnl-ai/caep.dev/ssfreceiver/ssf-hub/internal/pubsub/client.go:26.101,28.16 2 0
github.com/sgnl-ai/caep.dev/ssfreceiver/ssf-hub/internal/pubsub/client.go:28.16,30.3 1 0
github.com/sgnl-ai/caep.dev/ssfreceiver/ssf-hub/internal/pubsub/client.go:32.2,41.48 2 0
github.com/sgnl-ai/caep.dev/ssfreceiver/ssf-hub/internal/pubsub/client.go:41.48,43.3 1 0
github.com/sgnl-ai/caep.dev/ssfreceiver/ssf-hub/internal/pubsub/client.go:45.2,45.15 1 0
github.com/sgnl-ai/caep.dev/ssfreceiver/ssf-hub/internal/pubsub/client.go:49.49,51.2 1 0
github.com/sgnl-ai/caep.dev/ssfreceiver/ssf-hub/internal/pubsub/client.go:54.44,56.2 1 0
github.com/sgnl-ai/caep.dev/ssfreceiver/ssf-hub/internal/pubsub/client.go:59.32,61.27 1 0
github.com/sgnl-ai/caep.dev/ssfreceiver/ssf-hub/internal/pubsub/client.go:61.27,63.3 1 0
github.com/sgnl-ai/caep.dev/ssfreceiver/ssf-hub/internal/pubsub/client.go:64.2,64.25 1 0
github.com/sgnl-ai/caep.dev/ssfreceiver/ssf-hub/internal/pubsub/client.go:68.113,74.16 3 0
github.com/sgnl-ai/caep.dev/ssfreceiver/ssf-hub/internal/pubsub/client.go:74.16,76.3 1 0
github.com/sgnl-ai/caep.dev/ssfreceiver/ssf-hub/internal/pubsub/client.go:79.2,86.16 4 0
github.com/sgnl-ai/caep.dev/ssfreceiver/ssf-hub/internal/pubsub/client.go:86.16,88.3 1 0
github.com/sgnl-ai/caep.dev/ssfreceiver/ssf-hub/internal/pubsub/client.go:90.2,98.12 2 0
github.com/sgnl-ai/caep.dev/ssfreceiver/ssf-hub/internal/pubsub/client.go:103.92,106.16 3 0
github.com/sgnl-ai/caep.dev/ssfreceiver/ssf-hub/internal/pubsub/client.go:106.16,108.3 1 0
github.com/sgnl-ai/caep.dev/ssfreceiver/ssf-hub/internal/pubsub/client.go:110.2,110.13 1 0
github.com/sgnl-ai/caep.dev/ssfreceiver/ssf-hub/internal/pubsub/client.go:110.13,119.17 3 0
github.com/sgnl-ai/caep.dev/ssfreceiver/ssf-hub/internal/pubsub/client.go:119.17,121.4 1 0
github.com/sgnl-ai/caep.dev/ssfreceiver/ssf-hub/internal/pubsub/client.go:123.3,125.25 1 0
github.com/sgnl-ai/caep.dev/ssfreceiver/ssf-hub/internal/pubsub/client.go:128.2,128.12 1 0
github.com/sgnl-ai/caep.dev/ssfreceiver/ssf-hub/internal/pubsub/client.go:132.92,136.16 3 0
github.com/sgnl-ai/caep.dev/ssfreceiver/ssf-hub/internal/pubsub/client.go:136.16,138.3 1 0
github.com/sgnl-ai/caep.dev/ssfreceiver/ssf-hub/internal/pubsub/client.go:140.2,140.12 1 0
github.com/sgnl-ai/caep.dev/ssfreceiver/ssf-hub/internal/pubsub/client.go:140.12,141.50 1 0
github.com/sgnl-ai/caep.dev/ssfreceiver/ssf-hub/internal/pubsub/client.go:141.50,143.4 1 0
github.com/sgnl-ai/caep.dev/ssfreceiver/ssf-hub/internal/pubsub/client.go:145.3,146.37 1 0
github.com/sgnl-ai/caep.dev/ssfreceiver/ssf-hub/internal/pubsub/client.go:149.2,149.12 1 0
github.com/sgnl-ai/caep.dev/ssfreceiver/ssf-hub/internal/pubsub/client.go:154.153,164.86 5 0
github.com/sgnl-ai/caep.dev/ssfreceiver/ssf-hub/internal/pubsub/client.go:164.86,167.17 2 0
github.com/sgnl-ai/caep.dev/ssfreceiver/ssf-hub/internal/pubsub/client.go:167.17,171.4 3 0
github.com/sgnl-ai/caep.dev/ssfreceiver/ssf-hub/internal/pubsub/client.go:174.3,174.46 1 0
github.com/sgnl-ai/caep.dev/ssfreceiver/ssf-hub/internal/pubsub/client.go:174.46,178.4 3 0
github.com/sgnl-ai/caep.dev/ssfreceiver/ssf-hub/internal/pubsub/client.go:181.3,182.118 2 0
github.com/sgnl-ai/caep.dev/ssfreceiver/ssf-hub/internal/pubsub/client.go:185.2,185.51 1 0
github.com/sgnl-ai/caep.dev/ssfreceiver/ssf-hub/internal/pubsub/client.go:185.51,187.3 1 0
github.com/sgnl-ai/caep.dev/ssfreceiver/ssf-hub/internal/pubsub/client.go:189.2,189.12 1 0
github.com/sgnl-ai/caep.dev/ssfreceiver/ssf-hub/internal/pubsub/client.go:193.62,199.16 3 0
github.com/sgnl-ai/caep.dev/ssfreceiver/ssf-hub/internal/pubsub/client.go:199.16,201.3 1 0
github.com/sgnl-ai/caep.dev/ssfreceiver/ssf-hub/internal/pubsub/client.go:204.2,204.13 1 0
github.com/sgnl-ai/caep.dev/ssfreceiver/ssf-hub/internal/pubsub/client.go:204.13,206.17 2 0
github.com/sgnl-ai/caep.dev/ssfreceiver/ssf-hub/internal/pubsub/client.go:206.17,208.4 1 0
github.com/sgnl-ai/caep.dev/ssfreceiver/ssf-hub/internal/pubsub/client.go:210.3,210.71 1 0
github.com/sgnl-ai/caep.dev/ssfreceiver/ssf-hub/internal/pubsub/client.go:213.2,213.12 1 0
github.com/sgnl-ai/caep.dev/ssfreceiver/ssf-hub/internal/pubsub/client.go:217.37,219.2 1 0
github.com/sgnl-ai/caep.dev/ssfreceiver/ssf-hub/internal/pubsub/client.go:222.44,224.2 1 0
github.com/sgnl-ai/caep.dev/ssfreceiver/ssf-hub/internal/pubsub/client.go:227.79,229.16 2 0
github.com/sgnl-ai/caep.dev/ssfreceiver/ssf-hub/internal/pubsub/client.go:229.16,231.3 1 0
github.com/sgnl-ai/caep.dev/ssfreceiver/ssf-hub/internal/pubsub/client.go:233.2,238.12 2 0
github.com/sgnl-ai/caep.dev/ssfreceiver/ssf-hub/internal/pubsub/client.go:238.12,241.17 2 0
github.com/sgnl-ai/caep.dev/ssfreceiver/ssf-hub/internal/pubsub/client.go:241.17,243.4 1 0
github.com/sgnl-ai/caep.dev/ssfreceiver/ssf-hub/internal/pubsub/client.go:243.9,245.4 1 0
github.com/sgnl-ai/caep.dev/ssfreceiver/ssf-hub/internal/pubsub/client.go:248.2,248.23 1 0
github.com/sgnl-ai/caep.dev/ssfreceiver/ssf-hub/internal/hubreceiver/hubreceiver.go:54.50,56.25 2 0
github.com/sgnl-ai/caep.dev/ssfreceiver/ssf-hub/internal/hubreceiver/hubreceiver.go:56.25,58.3 1 0
github.com/sgnl-ai/caep.dev/ssfreceiver/ssf-hub/internal/hubreceiver/hubreceiver.go:60.2,61.22 2 0
github.com/sgnl-ai/caep.dev/ssfreceiver/ssf-hub/internal/hubreceiver/hubreceiver.go:61.22,63.3 1 0
github.com/sgnl-ai/caep.dev/ssfreceiver/ssf-hub/internal/hubreceiver/hubreceiver.go:65.2,73.3 1 0
github.com/sgnl-ai/caep.dev/ssfreceiver/ssf-hub/internal/hubreceiver/hubreceiver.go:77.56,83.86 2 0
github.com/sgnl-ai/caep.dev/ssfreceiver/ssf-hub/internal/hubreceiver/hubreceiver.go:83.86,85.3 1 0
github.com/sgnl-ai/caep.dev/ssfreceiver/ssf-hub/internal/hubreceiver/hubreceiver.go:87.2,95.12 4 0
github.com/sgnl-ai/caep.dev/ssfreceiver/ssf-hub/internal/hubreceiver/hubreceiver.go:99.60,101.2 1 0
github.com/sgnl-ai/caep.dev/ssfreceiver/ssf-hub/internal/hubreceiver/hubreceiver.go:104.55,112.86 4 0
github.com/sgnl-ai/caep.dev/ssfreceiver/ssf-hub/internal/hubreceiver/hubreceiver.go:112.86,114.3 1 0
github.com/sgnl-ai/caep.dev/ssfreceiver/ssf-hub/internal/hubreceiver/hubreceiver.go:116.2,117.12 2 0
github.com/sgnl-ai/caep.dev/ssfreceiver/ssf-hub/internal/hubreceiver/hubreceiver.go:121.60,124.16 2 0
github.com/sgnl-ai/caep.dev/ssfreceiver/ssf-hub/internal/hubreceiver/hubreceiver.go:124.16,125.10 1 0
github.com/sgnl-ai/caep.dev/ssfreceiver/ssf-hub/internal/hubreceiver/hubreceiver.go:126.21,128.10 2 0
github.com/sgnl-ai/caep.dev/ssfreceiver/ssf-hub/internal/hubreceiver/hubreceiver.go:129.21,131.10 2 0
github.com/sgnl-ai/caep.dev/ssfreceiver/ssf-hub/internal/hubreceiver/hubreceiver.go:132.11,134.56 1 0
github.com/sgnl-ai/caep.dev/ssfreceiver/ssf-hub/internal/hubreceiver/hubreceiver.go:134.56,138.12 2 0
github.com/sgnl-ai/caep.dev/ssfreceiver/ssf-hub/internal/hubreceiver/hubreceiver.go:139.40,140.14 1 0
github.com/sgnl-ai/caep.dev/ssfreceiver/ssf-hub/internal/hubreceiver/hubreceiver.go:141.23,142.12 1 0
github.com/sgnl-ai/caep.dev/ssfreceiver/ssf-hub/internal/hubreceiver/hubreceiver.go:143.23,144.12 1 0
github.com/sgnl-ai/caep.dev/ssfreceiver/ssf-hub/internal/hubreceiver/hubreceiver.go:152.73,158.2 3 0
github.com/sgnl-ai/caep.dev/ssfreceiver/ssf-hub/internal/hubreceiver/hubreceiver.go:161.81,173.51 4 0
github.com/sgnl-ai/caep.dev/ssfreceiver/ssf-hub/internal/hubreceiver/hubreceiver.go:173.51,178.3 2 0
github.com/sgnl-ai/caep.dev/ssfreceiver/ssf-hub/internal/hubreceiver/hubreceiver.go:181.2,181.29 1 0
github.com/sgnl-ai/caep.dev/ssfreceiver/ssf-hub/internal/hubreceiver/hubreceiver.go:181.29,188.3 2 0
github.com/sgnl-ai/caep.dev/ssfreceiver/ssf-hub/internal/hubreceiver/hubreceiver.go:191.2,192.70 2 0
github.com/sgnl-ai/caep.dev/ssfreceiver/ssf-hub/internal/hubreceiver/hubreceiver.go:192.70,195.3 2 0
github.com/sgnl-ai/caep.dev/ssfreceiver/ssf-hub/internal/hubreceiver/hubreceiver.go:198.2,208.12 6 0
github.com/sgnl-ai/caep.dev/ssfreceiver/ssf-hub/internal/hubreceiver/hubreceiver.go:212.74,213.26 1 0
github.com/sgnl-ai/caep.dev/ssfreceiver/ssf-hub/internal/hubreceiver/hubreceiver.go:213.26,215.3 1 0
github.com/sgnl-ai/caep.dev/ssfreceiver/ssf-hub/internal/hubreceiver/hubreceiver.go:217.2,218.33 2 0
github.com/sgnl-ai/caep.dev/ssfreceiver/ssf-hub/internal/hubreceiver/hubreceiver.go:222.56,224.2 1 0
github.com/sgnl-ai/caep.dev/ssfreceiver/ssf-hub/internal/hubreceiver/hubreceiver.go:227.58,234.2 1 0
github.com/sgnl-ai/caep.dev/ssfreceiver/ssf-hub/internal/hubreceiver/hubreceiver.go:237.43,238.16 1 0
github.com/sgnl-ai/caep.dev/ssfreceiver/ssf-hub/internal/hubreceiver/hubreceiver.go:238.16,240.3 1 0
github.com/sgnl-ai/caep.dev/ssfreceiver/ssf-hub/internal/hubreceiver/hubreceiver.go:243.2,243.41 1 0
github.com/sgnl-ai/caep.dev/ssfreceiver/ssf-hub/internal/hubreceiver/hubreceiver.go:243.41,245.45 2 0
github.com/sgnl-ai/caep.dev/ssfreceiver/ssf-hub/internal/hubreceiver/hubreceiver.go:245.45,247.4 1 0
github.com/sgnl-ai/caep.dev/ssfreceiver/ssf-hub/internal/hubreceiver/hubreceiver.go:251.2,251.52 1 0
github.com/sgnl-ai/caep.dev/ssfreceiver/ssf-hub/internal/hubreceiver/hubreceiver.go:251.52,253.3 1 0
github.com/sgnl-ai/caep.dev/ssfreceiver/ssf-hub/internal/hubreceiver/hubreceiver.go:255.2,255.12 1 0
github.com/sgnl-ai/caep.dev/ssfreceiver/ssf-hub/internal/hubreceiver/hubreceiver.go:259.63,261.2 1 0
github.com/sgnl-ai/caep.dev/ssfreceiver/ssf-hub/internal/hubreceiver/hubreceiver.go:264.53,284.2 1 0
github.com/sgnl-ai/caep.dev/ssfreceiver/ssf-hub/pkg/api/config.go:53.32,54.25 1 0
github.com/sgnl-ai/caep.dev/ssfreceiver/ssf-hub/pkg/api/config.go:54.25,56.3 1 0
github.com/sgnl-ai/caep.dev/ssfreceiver/ssf-hub/pkg/api/config.go:57.2,57.24 1 0
github.com/sgnl-ai/caep.dev/ssfreceiver/ssf-hub/pkg/api/config.go:57.24,59.3 1 0
github.com/sgnl-ai/caep.dev/ssfreceiver/ssf-hub/pkg/api/config.go:60.2,60.31 1 0
github.com/sgnl-ai/caep.dev/ssfreceiver/ssf-hub/pkg/api/config.go:60.31,62.3 1 0
github.com/sgnl-ai/caep.dev/ssfreceiver/ssf-hub/pkg/api/config.go:63.2,63.32 1 0
github.com/sgnl-ai/caep.dev/ssfreceiver/ssf-hub/pkg/api/config.go:63.32,65.3 1 0
github.com/sgnl-ai/caep.dev/ssfreceiver/ssf-hub/pkg/api/config.go:66.2,66.31 1 0
github.com/sgnl-ai/caep.dev/ssfreceiver/ssf-hub/pkg/api/config.go:66.31,68.3 1 0
github.com/sgnl-ai/caep.dev/ssfreceiver/ssf-hub/pkg/api/config.go:70.2,70.32 1 0
github.com/sgnl-ai/caep.dev/ssfreceiver/ssf-hub/pkg/api/config.go:70.32,72.3 1 0
github.com/sgnl-ai/caep.dev/ssfreceiver/ssf-hub/pkg/api/config.go:73.2,73.41 1 0
github.com/sgnl-ai/caep.dev/ssfreceiver/ssf-hub/pkg/api/config.go:73.41,75.3 1 0
github.com/sgnl-ai/caep.dev/ssfreceiver/ssf-hub/pkg/api/config.go:76.2,76.42 1 0
github.com/sgnl-ai/caep.dev/ssfreceiver/ssf-hub/pkg/api/config.go:76.42,78.3 1 0
github.com/sgnl-ai/caep.dev/ssfreceiver/ssf-hub/pkg/api/config.go:79.2,79.39 1 0
github.com/sgnl-ai/caep.dev/ssfreceiver/ssf-hub/pkg/api/config.go:79.39,81.3 1 0
github.com/sgnl-ai/caep.dev/ssfreceiver/ssf-hub/pkg/api/config.go:82.2,82.31 1 0
github.com/sgnl-ai/caep.dev/ssfreceiver/ssf-hub/pkg/api/config.go:82.31,84.3 1 0
github.com/sgnl-ai/caep.dev/ssfreceiver/ssf-hub/pkg/api/config.go:85.2,85.37 1 0
github.com/sgnl-ai/caep.dev/ssfreceiver/ssf-hub/pkg/api/config.go:85.37,87.3 1 0
github.com/sgnl-ai/caep.dev/ssfreceiver/ssf-hub/pkg/api/config.go:89.2,89.33 1 0
github.com/sgnl-ai/caep.dev/ssfreceiver/ssf-hub/pkg/api/config.go:89.33,91.3 1 0
github.com/sgnl-ai/caep.dev/ssfreceiver/ssf-hub/pkg/api/config.go:93.2,93.27 1 0
github.com/sgnl-ai/caep.dev/ssfreceiver/ssf-hub/pkg/api/config.go:93.27,95.3 1 0
github.com/sgnl-ai/caep.dev/ssfreceiver/ssf-hub/pkg/api/config.go:96.2,96.28 1 0
github.com/sgnl-ai/caep.dev/ssfreceiver/ssf-hub/pkg/api/config.go:96.28,98.3 1 0
github.com/sgnl-ai/caep.dev/ssfreceiver/ssf-hub/pkg/api/config.go:102.35,103.30 1 0
github.com/sgnl-ai/caep.dev/ssfreceiver/ssf-hub/pkg/api/config.go:103.30,105.3 1 0
github.com/sgnl-ai/caep.dev/ssfreceiver/ssf-hub/pkg/api/config.go:107.2,107.12 1 0
github.com/sgnl-ai/caep.dev/ssfreceiver/ssf-hub/pkg/api/config.go:116.42,118.2 1 0
github.com/sgnl-ai/caep.dev/ssfreceiver/ssf-hub/internal/controller/broker.go:41.94,77.2 7 1
github.com/sgnl-ai/caep.dev/ssfreceiver/ssf-hub/internal/controller/broker.go:80.103,85.18 2 1
github.com/sgnl-ai/caep.dev/ssfreceiver/ssf-hub/internal/controller/broker.go:85.18,88.3 2 1
github.com/sgnl-ai/caep.dev/ssfreceiver/ssf-hub/internal/controller/broker.go:89.2,89.25 1 1
github.com/sgnl-ai/caep.dev/ssfreceiver/ssf-hub/internal/controller/broker.go:89.25,92.3 2 1
github.com/sgnl-ai/caep.dev/ssfreceiver/ssf-hub/internal/controller/broker.go:96.2,98.16 3 1
github.com/sgnl-ai/caep.dev/ssfreceiver/ssf-hub/internal/controller/broker.go:98.16,100.31 2 1
github.com/sgnl-ai/caep.dev/ssfreceiver/ssf-hub/internal/controller/broker.go:100.31,102.4 1 1
github.com/sgnl-ai/caep.dev/ssfreceiver/ssf-hub/internal/controller/broker.go:103.3,107.69 2 1
github.com/sgnl-ai/caep.dev/ssfreceiver/ssf-hub/internal/controller/broker.go:110.2,133.16 8 0
github.com/sgnl-ai/caep.dev/ssfreceiver/ssf-hub/internal/controller/broker.go:133.16,139.3 2 0
github.com/sgnl-ai/caep.dev/ssfreceiver/ssf-hub/internal/controller/broker.go:141.2,145.25 2 0
github.com/sgnl-ai/caep.dev/ssfreceiver/ssf-hub/internal/controller/broker.go:145.25,152.3 3 0
github.com/sgnl-ai/caep.dev/ssfreceiver/ssf-hub/internal/controller/broker.go:154.2,161.37 4 0
github.com/sgnl-ai/caep.dev/ssfreceiver/ssf-hub/internal/controller/broker.go:161.37,169.72 3 0
github.com/sgnl-ai/caep.dev/ssfreceiver/ssf-hub/internal/controller/broker.go:169.72,174.4 1 0
github.com/sgnl-ai/caep.dev/ssfreceiver/ssf-hub/internal/controller/broker.go:174.9,176.4 1 0
github.com/sgnl-ai/caep.dev/ssfreceiver/ssf-hub/internal/controller/broker.go:180.2,184.81 2 0
github.com/sgnl-ai/caep.dev/ssfreceiver/ssf-hub/internal/controller/broker.go:184.81,190.3 2 0
github.com/sgnl-ai/caep.dev/ssfreceiver/ssf-hub/internal/controller/broker.go:192.2,200.12 3 0
github.com/sgnl-ai/caep.dev/ssfreceiver/ssf-hub/internal/controller/broker.go:204.119,220.44 5 1
github.com/sgnl-ai/caep.dev/ssfreceiver/ssf-hub/internal/controller/broker.go:220.44,227.3 2 1
github.com/sgnl-ai/caep.dev/ssfreceiver/ssf-hub/internal/controller/broker.go:228.2,232.54 3 1
github.com/sgnl-ai/caep.dev/ssfreceiver/ssf-hub/internal/controller/broker.go:232.54,237.3 2 1
github.com/sgnl-ai/caep.dev/ssfreceiver/ssf-hub/internal/controller/broker.go:238.2,252.22 4 1
github.com/sgnl-ai/caep.dev/ssfreceiver/ssf-hub/internal/controller/broker.go:256.83,261.16 3 1
github.com/sgnl-ai/caep.dev/ssfreceiver/ssf-hub/internal/controller/broker.go:261.16,266.3 2 1
github.com/sgnl-ai/caep.dev/ssfreceiver/ssf-hub/internal/controller/broker.go:268.2,278.58 3 1
github.com/sgnl-ai/caep.dev/ssfreceiver/ssf-hub/internal/controller/broker.go:278.58,283.3 2 0
github.com/sgnl-ai/caep.dev/ssfreceiver/ssf-hub/internal/controller/broker.go:284.2,288.12 3 1
github.com/sgnl-ai/caep.dev/ssfreceiver/ssf-hub/internal/controller/broker.go:292.117,300.16 3 1
github.com/sgnl-ai/caep.dev/ssfreceiver/ssf-hub/internal/controller/broker.go:300.16,305.3 2 1
github.com/sgnl-ai/caep.dev/ssfreceiver/ssf-hub/internal/controller/broker.go:307.2,327.52 7 1
github.com/sgnl-ai/caep.dev/ssfreceiver/ssf-hub/internal/controller/broker.go:327.52,332.3 2 1
github.com/sgnl-ai/caep.dev/ssfreceiver/ssf-hub/internal/controller/broker.go:333.2,336.23 2 1
github.com/sgnl-ai/caep.dev/ssfreceiver/ssf-hub/internal/controller/broker.go:336.24,339.3 0 1
github.com/sgnl-ai/caep.dev/ssfreceiver/ssf-hub/internal/controller/broker.go:341.2,345.22 2 1
github.com/sgnl-ai/caep.dev/ssfreceiver/ssf-hub/internal/controller/broker.go:349.75,351.2 1 1
github.com/sgnl-ai/caep.dev/ssfreceiver/ssf-hub/internal/controller/broker.go:354.62,356.2 1 1
github.com/sgnl-ai/caep.dev/ssfreceiver/ssf-hub/internal/controller/broker.go:359.118,361.16 2 1
github.com/sgnl-ai/caep.dev/ssfreceiver/ssf-hub/internal/controller/broker.go:361.16,363.3 1 1
github.com/sgnl-ai/caep.dev/ssfreceiver/ssf-hub/internal/controller/broker.go:367.2,367.38 1 1
github.com/sgnl-ai/caep.dev/ssfreceiver/ssf-hub/internal/controller/broker.go:371.57,375.16 3 1
github.com/sgnl-ai/caep.dev/ssfreceiver/ssf-hub/internal/controller/broker.go:375.16,378.3 2 0
github.com/sgnl-ai/caep.dev/ssfreceiver/ssf-hub/internal/controller/broker.go:380.2,390.37 4 1
github.com/sgnl-ai/caep.dev/ssfreceiver/ssf-hub/internal/controller/broker.go:390.37,395.49 2 1
github.com/sgnl-ai/caep.dev/ssfreceiver/ssf-hub/internal/controller/broker.go:395.49,397.4 1 1
github.com/sgnl-ai/caep.dev/ssfreceiver/ssf-hub/internal/controller/broker.go:400.2,404.19 2 1
github.com/sgnl-ai/caep.dev/ssfreceiver/ssf-hub/internal/controller/broker.go:415.126,424.16 5 0
github.com/sgnl-ai/caep.dev/ssfreceiver/ssf-hub/internal/controller/broker.go:424.16,426.58 1 0
github.com/sgnl-ai/caep.dev/ssfreceiver/ssf-hub/internal/controller/broker.go:426.58,428.4 1 0
github.com/sgnl-ai/caep.dev/ssfreceiver/ssf-hub/internal/controller/broker.go:429.3,429.66 1 0
github.com/sgnl-ai/caep.dev/ssfreceiver/ssf-hub/internal/controller/broker.go:429.66,431.4 1 0
github.com/sgnl-ai/caep.dev/ssfreceiver/ssf-hub/internal/controller/broker.go:433.3,433.33 1 0
github.com/sgnl-ai/caep.dev/ssfreceiver/ssf-hub/internal/controller/broker.go:436.2,460.67 2 0
github.com/sgnl-ai/caep.dev/ssfreceiver/ssf-hub/internal/controller/broker.go:460.67,461.66 1 0
github.com/sgnl-ai/caep.dev/ssfreceiver/ssf-hub/internal/controller/broker.go:461.66,462.39 1 0
github.com/sgnl-ai/caep.dev/ssfreceiver/ssf-hub/internal/controller/broker.go:462.39,464.5 1 0
github.com/sgnl-ai/caep.dev/ssfreceiver/ssf-hub/internal/controller/broker.go:468.2,468.14 1 0
github.com/sgnl-ai/caep.dev/ssfreceiver/ssf-hub/internal/controller/broker.go:472.55,473.27 1 1
github.com/sgnl-ai/caep.dev/ssfreceiver/ssf-hub/internal/controller/broker.go:473.27,475.3 1 1
github.com/sgnl-ai/caep.dev/ssfreceiver/ssf-hub/internal/controller/broker.go:477.2,477.22 1 1
github.com/sgnl-ai/caep.dev/ssfreceiver/ssf-hub/internal/controller/broker.go:477.22,478.21 1 1
github.com/sgnl-ai/caep.dev/ssfreceiver/ssf-hub/internal/controller/broker.go:478.21,480.4 1 1
github.com/sgnl-ai/caep.dev/ssfreceiver/ssf-hub/internal/controller/broker.go:483.2,483.13 1 1
github.com/sgnl-ai/caep.dev/ssfreceiver/ssf-hub/internal/controller/broker.go:487.51,495.49 4 1
github.com/sgnl-ai/caep.dev/ssfreceiver/ssf-hub/internal/controller/broker.go:495.49,500.3 2 1
github.com/sgnl-ai/caep.dev/ssfreceiver/ssf-hub/internal/controller/broker.go:501.2,505.12 4 1
github.com/sgnl-ai/caep.dev/ssfreceiver/ssf-hub/internal/controller/broker.go:509.50,515.48 4 1
github.com/sgnl-ai/caep.dev/ssfreceiver/ssf-hub/internal/controller/broker.go:515.48,520.3 2 0
github.com/sgnl-ai/caep.dev/ssfreceiver/ssf-hub/internal/controller/broker.go:521.2,525.12 4 1
github.com/sgnl-ai/caep.dev/ssfreceiver/ssf-hub/internal/controller/broker.go:529.60,531.2 1 1
github.com/sgnl-ai/caep.dev/ssfreceiver/ssf-hub/internal/controller/broker.go:534.65,536.2 1 1
github.com/sgnl-ai/caep.dev/ssfreceiver/ssf-hub/internal/controller/broker.go:539.44,541.2 1 1
github.com/sgnl-ai/caep.dev/ssfreceiver/ssf-hub/internal/controller/broker.go:544.48,546.2 1 1
github.com/sgnl-ai/caep.dev/ssfreceiver/ssf-hub/internal/handlers/handlers.go:31.36,37.2 1 1
github.com/sgnl-ai/caep.dev/ssfreceiver/ssf-hub/internal/handlers/handlers.go:40.73,52.25 4 1
github.com/sgnl-ai/caep.dev/ssfreceiver/ssf-hub/internal/handlers/handlers.go:52.25,61.3 3 0
github.com/sgnl-ai/caep.dev/ssfreceiver/ssf-hub/internal/handlers/handlers.go:64.2,66.16 3 1
github.com/sgnl-ai/caep.dev/ssfreceiver/ssf-hub/internal/handlers/handlers.go:66.16,72.3 3 0
github.com/sgnl-ai/caep.dev/ssfreceiver/ssf-hub/internal/handlers/handlers.go:73.2,79.22 3 1
github.com/sgnl-ai/caep.dev/ssfreceiver/ssf-hub/internal/handlers/handlers.go:79.22,85.3 3 1
github.com/sgnl-ai/caep.dev/ssfreceiver/ssf-hub/internal/handlers/handlers.go:87.2,97.102 3 1
github.com/sgnl-ai/caep.dev/ssfreceiver/ssf-hub/internal/handlers/handlers.go:97.102,104.3 3 1
github.com/sgnl-ai/caep.dev/ssfreceiver/ssf-hub/internal/handlers/handlers.go:106.2,124.40 5 0
github.com/sgnl-ai/caep.dev/ssfreceiver/ssf-hub/internal/handlers/handlers.go:128.83,159.2 3 1
github.com/sgnl-ai/caep.dev/ssfreceiver/ssf-hub/internal/handlers/handlers.go:162.73,170.2 2 1
github.com/sgnl-ai/caep.dev/ssfreceiver/ssf-hub/internal/handlers/handlers.go:173.72,184.2 3 1
github.com/sgnl-ai/caep.dev/ssfreceiver/ssf-hub/internal/handlers/handlers.go:187.74,190.16 2 1
github.com/sgnl-ai/caep.dev/ssfreceiver/ssf-hub/internal/handlers/handlers.go:190.16,194.3 3 0
github.com/sgnl-ai/caep.dev/ssfreceiver/ssf-hub/internal/handlers/handlers.go:197.2,201.26 4 1
github.com/sgnl-ai/caep.dev/ssfreceiver/ssf-hub/internal/handlers/handlers.go:205.83,213.69 3 1
github.com/sgnl-ai/caep.dev/ssfreceiver/ssf-hub/internal/handlers/handlers.go:213.69,220.3 3 1
github.com/sgnl-ai/caep.dev/ssfreceiver/ssf-hub/internal/handlers/handlers.go:222.2,233.16 4 1
github.com/sgnl-ai/caep.dev/ssfreceiver/ssf-hub/internal/handlers/handlers.go:233.16,241.3 3 1
github.com/sgnl-ai/caep.dev/ssfreceiver/ssf-hub/internal/handlers/handlers.go:243.2,251.54 3 1
github.com/sgnl-ai/caep.dev/ssfreceiver/ssf-hub/internal/handlers/handlers.go:255.80,262.16 3 1
github.com/sgnl-ai/caep.dev/ssfreceiver/ssf-hub/internal/handlers/handlers.go:262.16,268.3 3 0
github.com/sgnl-ai/caep.dev/ssfreceiver/ssf-hub/internal/handlers/handlers.go:270.2,297.49 8 1
github.com/sgnl-ai/caep.dev/ssfreceiver/ssf-hub/internal/handlers/handlers.go:301.78,308.22 3 1
github.com/sgnl-ai/caep.dev/ssfreceiver/ssf-hub/internal/handlers/handlers.go:308.22,314.3 3 0
github.com/sgnl-ai/caep.dev/ssfreceiver/ssf-hub/internal/handlers/handlers.go:316.2,317.16 2 1
github.com/sgnl-ai/caep.dev/ssfreceiver/ssf-hub/internal/handlers/handlers.go:317.16,324.3 3 1
github.com/sgnl-ai/caep.dev/ssfreceiver/ssf-hub/internal/handlers/handlers.go:326.2,337.26 4 1
github.com/sgnl-ai/caep.dev/ssfreceiver/ssf-hub/internal/handlers/handlers.go:337.26,339.17 2 1
github.com/sgnl-ai/caep.dev/ssfreceiver/ssf-hub/internal/handlers/handlers.go:339.17,341.4 1 0
github.com/sgnl-ai/caep.dev/ssfreceiver/ssf-hub/internal/handlers/handlers.go:341.9,343.4 1 1
github.com/sgnl-ai/caep.dev/ssfreceiver/ssf-hub/internal/handlers/handlers.go:346.2,346.49 1 1
github.com/sgnl-ai/caep.dev/ssfreceiver/ssf-hub/internal/handlers/handlers.go:350.81,352.22 2 1
github.com/sgnl-ai/caep.dev/ssfreceiver/ssf-hub/internal/handlers/handlers.go:352.22,355.3 2 1
github.com/sgnl-ai/caep.dev/ssfreceiver/ssf-hub/internal/handlers/handlers.go:357.2,358.69 2 1
github.com/sgnl-ai/caep.dev/ssfreceiver/ssf-hub/internal/handlers/handlers.go:358.69,362.3 3 1
github.com/sgnl-ai/caep.dev/ssfreceiver/ssf-hub/internal/handlers/handlers.go:365.2,369.16 3 1
github.com/sgnl-ai/caep.dev/ssfreceiver/ssf-hub/internal/handlers/handlers.go:369.16,375.3 3 0
github.com/sgnl-ai/caep.dev/ssfreceiver/ssf-hub/internal/handlers/handlers.go:377.2,379.49 2 1
github.com/sgnl-ai/caep.dev/ssfreceiver/ssf-hub/internal/handlers/handlers.go:383.85,390.22 3 1
github.com/sgnl-ai/caep.dev/ssfreceiver/ssf-hub/internal/handlers/handlers.go:390.22,396.3 3 0
github.com/sgnl-ai/caep.dev/ssfreceiver/ssf-hub/internal/handlers/handlers.go:398.2,398.81 1 1
github.com/sgnl-ai/caep.dev/ssfreceiver/ssf-hub/internal/handlers/handlers.go:398.81,405.3 3 1
github.com/sgnl-ai/caep.dev/ssfreceiver/ssf-hub/internal/handlers/handlers.go:407.2,417.49 4 1
github.com/sgnl-ai/caep.dev/ssfreceiver/ssf-hub/internal/handlers/handlers.go:423.61,425.20 1 1
github.com/sgnl-ai/caep.dev/ssfreceiver/ssf-hub/internal/handlers/handlers.go:425.20,429.77 2 1
github.com/sgnl-ai/caep.dev/ssfreceiver/ssf-hub/internal/handlers/handlers.go:429.77,432.4 2 1
github.com/sgnl-ai/caep.dev/ssfreceiver/ssf-hub/internal/handlers/handlers.go:435.3,435.83 1 1
github.com/sgnl-ai/caep.dev/ssfreceiver/ssf-hub/internal/handlers/handlers.go:435.83,438.4 2 1
github.com/sgnl-ai/caep.dev/ssfreceiver/ssf-hub/internal/handlers/handlers.go:440.3,441.27 2 1
github.com/sgnl-ai/caep.dev/ssfreceiver/ssf-hub/internal/handlers/handlers.go:445.2,445.76 1 1
github.com/sgnl-ai/caep.dev/ssfreceiver/ssf-hub/internal/handlers/handlers.go:445.76,447.3 1 1
github.com/sgnl-ai/caep.dev/ssfreceiver/ssf-hub/internal/handlers/handlers.go:452.2,453.22 2 1
github.com/sgnl-ai/caep.dev/ssfreceiver/ssf-hub/internal/handlers/handlers.go:453.22,455.3 1 1
github.com/sgnl-ai/caep.dev/ssfreceiver/ssf-hub/internal/handlers/handlers.go:458.2,458.79 1 1
github.com/sgnl-ai/caep.dev/ssfreceiver/ssf-hub/internal/handlers/handlers.go:458.79,460.3 1 1
github.com/sgnl-ai/caep.dev/ssfreceiver/ssf-hub/internal/handlers/handlers.go:463.2,463.30 1 1
github.com/sgnl-ai/caep.dev/ssfreceiver/ssf-hub/internal/handlers/handlers.go:467.52,469.38 1 1
github.com/sgnl-ai/caep.dev/ssfreceiver/ssf-hub/internal/handlers/handlers.go:469.38,471.3 1 1
github.com/sgnl-ai/caep.dev/ssfreceiver/ssf-hub/internal/handlers/handlers.go:474.2,474.42 1 1
github.com/sgnl-ai/caep.dev/ssfreceiver/ssf-hub/internal/handlers/handlers.go:474.42,476.3 1 1
github.com/sgnl-ai/caep.dev/ssfreceiver/ssf-hub/internal/handlers/handlers.go:478.2,478.14 1 1
github.com/sgnl-ai/caep.dev/ssfreceiver/ssf-hub/internal/handlers/handlers.go:482.55,484.18 2 1
github.com/sgnl-ai/caep.dev/ssfreceiver/ssf-hub/internal/handlers/handlers.go:484.18,486.3 1 1
github.com/sgnl-ai/caep.dev/ssfreceiver/ssf-hub/internal/handlers/handlers.go:488.2,488.47 1 1
github.com/sgnl-ai/caep.dev/ssfreceiver/ssf-hub/internal/handlers/handlers.go:492.95,496.56 3 1
github.com/sgnl-ai/caep.dev/ssfreceiver/ssf-hub/internal/handlers/handlers.go:496.56,498.3 1 1
github.com/sgnl-ai/caep.dev/ssfreceiver/ssf-hub/internal/handlers/handlers.go:502.94,509.2 2 1
github.com/sgnl-ai/caep.dev/ssfreceiver/ssf-hub/internal/handlers/handlers.go:512.123,513.49 1 1
github.com/sgnl-ai/caep.dev/ssfreceiver/ssf-hub/internal/handlers/handlers.go:513.49,515.3 1 1
github.com/sgnl-ai/caep.dev/ssfreceiver/ssf-hub/internal/handlers/handlers.go:517.2,519.37 2 1
github.com/sgnl-ai/caep.dev/ssfreceiver/ssf-hub/internal/handlers/handlers.go:519.37,521.68 1 1
github.com/sgnl-ai/caep.dev/ssfreceiver/ssf-hub/internal/handlers/handlers.go:521.68,522.12 1 1
github.com/sgnl-ai/caep.dev/ssfreceiver/ssf-hub/internal/handlers/handlers.go:526.3,526.28 1 1
github.com/sgnl-ai/caep.dev/ssfreceiver/ssf-hub/internal/handlers/handlers.go:526.28,528.50 2 1
github.com/sgnl-ai/caep.dev/ssfreceiver/ssf-hub/internal/handlers/handlers.go:528.50,529.37 1 1
github.com/sgnl-ai/caep.dev/ssfreceiver/ssf-hub/internal/handlers/handlers.go:529.37,531.11 2 1
github.com/sgnl-ai/caep.dev/ssfreceiver/ssf-hub/internal/handlers/handlers.go:534.4,534.21 1 1
github.com/sgnl-ai/caep.dev/ssfreceiver/ssf-hub/internal/handlers/handlers.go:534.21,535.13 1 1
github.com/sgnl-ai/caep.dev/ssfreceiver/ssf-hub/internal/handlers/handlers.go:539.3,539.40 1 1
github.com/sgnl-ai/caep.dev/ssfreceiver/ssf-hub/internal/handlers/handlers.go:542.2,542.17 1 1
github.com/sgnl-ai/caep.dev/ssfreceiver/ssf-hub/internal/handlers/handlers.go:546.82,554.53 2 1
github.com/sgnl-ai/caep.dev/ssfreceiver/ssf-hub/internal/handlers/handlers.go:554.53,560.3 1 1
github.com/sgnl-ai/caep.dev/ssfreceiver/ssf-hub/internal/handlers/handlers.go:563.2,563.53 1 1
github.com/sgnl-ai/caep.dev/ssfreceiver/ssf-hub/internal/handlers/handlers.go:563.53,569.3 1 1
github.com/sgnl-ai/caep.dev/ssfreceiver/ssf-hub/internal/handlers/handlers.go:571.2,571.16 1 1
github.com/sgnl-ai/caep.dev/ssfreceiver/ssf-hub/internal/registry/registry.go:63.42,67.2 1 1
github.com/sgnl-ai/caep.dev/ssfreceiver/ssf-hub/internal/registry/registry.go:70.68,71.21 1 1
github.com/sgnl-ai/caep.dev/ssfreceiver/ssf-hub/internal/registry/registry.go:71.21,73.3 1 1
github.com/sgnl-ai/caep.dev/ssfreceiver/ssf-hub/internal/registry/registry.go:75.2,75.44 1 1
github.com/sgnl-ai/caep.dev/ssfreceiver/ssf-hub/internal/registry/registry.go:75.44,77.3 1 1
github.com/sgnl-ai/caep.dev/ssfreceiver/ssf-hub/internal/registry/registry.go:79.2,83.51 3 1
github.com/sgnl-ai/caep.dev/ssfreceiver/ssf-hub/internal/registry/registry.go:83.51,85.3 1 1
github.com/sgnl-ai/caep.dev/ssfreceiver/ssf-hub/internal/registry/registry.go:88.2,95.12 5 1
github.com/sgnl-ai/caep.dev/ssfreceiver/ssf-hub/internal/registry/registry.go:99.54,103.43 3 1
github.com/sgnl-ai/caep.dev/ssfreceiver/ssf-hub/internal/registry/registry.go:103.43,105.3 1 1
github.com/sgnl-ai/caep.dev/ssfreceiver/ssf-hub/internal/registry/registry.go:107.2,108.12 2 1
github.com/sgnl-ai/caep.dev/ssfreceiver/ssf-hub/internal/registry/registry.go:112.67,117.13 4 1
github.com/sgnl-ai/caep.dev/ssfreceiver/ssf-hub/internal/registry/registry.go:117.13,119.3 1 1
github.com/sgnl-ai/caep.dev/ssfreceiver/ssf-hub/internal/registry/registry.go:122.2,122.38 1 1
github.com/sgnl-ai/caep.dev/ssfreceiver/ssf-hub/internal/registry/registry.go:126.61,131.39 4 1
github.com/sgnl-ai/caep.dev/ssfreceiver/ssf-hub/internal/registry/registry.go:131.39,133.3 1 1
github.com/sgnl-ai/caep.dev/ssfreceiver/ssf-hub/internal/registry/registry.go:135.2,135.23 1 1
github.com/sgnl-ai/caep.dev/ssfreceiver/ssf-hub/internal/registry/registry.go:139.66,140.21 1 1
github.com/sgnl-ai/caep.dev/ssfreceiver/ssf-hub/internal/registry/registry.go:140.21,142.3 1 1
github.com/sgnl-ai/caep.dev/ssfreceiver/ssf-hub/internal/registry/registry.go:144.2,144.44 1 1
github.com/sgnl-ai/caep.dev/ssfreceiver/ssf-hub/internal/registry/registry.go:144.44,146.3 1 0
github.com/sgnl-ai/caep.dev/ssfreceiver/ssf-hub/internal/registry/registry.go:148.2,152.13 4 1
github.com/sgnl-ai/caep.dev/ssfreceiver/ssf-hub/internal/registry/registry.go:152.13,154.3 1 1
github.com/sgnl-ai/caep.dev/ssfreceiver/ssf-hub/internal/registry/registry.go:157.2,167.12 8 1
github.com/sgnl-ai/caep.dev/ssfreceiver/ssf-hub/internal/registry/registry.go:171.87,177.39 4 1
github.com/sgnl-ai/caep.dev/ssfreceiver/ssf-hub/internal/registry/registry.go:177.39,179.53 1 1
github.com/sgnl-ai/caep.dev/ssfreceiver/ssf-hub/internal/registry/registry.go:179.53,180.12 1 1
github.com/sgnl-ai/caep.dev/ssfreceiver/ssf-hub/internal/registry/registry.go:184.3,184.54 1 1
github.com/sgnl-ai/caep.dev/ssfreceiver/ssf-hub/internal/registry/registry.go:184.54,185.35 1 1
github.com/sgnl-ai/caep.dev/ssfreceiver/ssf-hub/internal/registry/registry.go:185.35,187.10 2 1
github.com/sgnl-ai/caep.dev/ssfreceiver/ssf-hub/internal/registry/registry.go:192.2,192.31 1 1
github.com/sgnl-ai/caep.dev/ssfreceiver/ssf-hub/internal/registry/registry.go:196.75,202.39 4 1
github.com/sgnl-ai/caep.dev/ssfreceiver/ssf-hub/internal/registry/registry.go:202.39,203.53 1 1
github.com/sgnl-ai/caep.dev/ssfreceiver/ssf-hub/internal/registry/registry.go:203.53,205.4 1 1
github.com/sgnl-ai/caep.dev/ssfreceiver/ssf-hub/internal/registry/registry.go:208.2,208.29 1 1
github.com/sgnl-ai/caep.dev/ssfreceiver/ssf-hub/internal/registry/registry.go:212.86,217.13 4 1
github.com/sgnl-ai/caep.dev/ssfreceiver/ssf-hub/internal/registry/registry.go:217.13,219.3 1 1
github.com/sgnl-ai/caep.dev/ssfreceiver/ssf-hub/internal/registry/registry.go:222.2,229.12 7 1
github.com/sgnl-ai/caep.dev/ssfreceiver/ssf-hub/internal/registry/registry.go:233.66,238.13 4 0
github.com/sgnl-ai/caep.dev/ssfreceiver/ssf-hub/internal/registry/registry.go:238.13,240.3 1 0
github.com/sgnl-ai/caep.dev/ssfreceiver/ssf-hub/internal/registry/registry.go:242.2,246.12 4 0
github.com/sgnl-ai/caep.dev/ssfreceiver/ssf-hub/internal/registry/registry.go:250.67,255.13 4 0
github.com/sgnl-ai/caep.dev/ssfreceiver/ssf-hub/internal/registry/registry.go:255.13,257.3 1 0
github.com/sgnl-ai/caep.dev/ssfreceiver/ssf-hub/internal/registry/registry.go:259.2,262.12 3 0
github.com/sgnl-ai/caep.dev/ssfreceiver/ssf-hub/internal/registry/registry.go:266.85,271.13 4 0
github.com/sgnl-ai/caep.dev/ssfreceiver/ssf-hub/internal/registry/registry.go:271.13,273.3 1 0
github.com/sgnl-ai/caep.dev/ssfreceiver/ssf-hub/internal/registry/registry.go:275.2,279.12 4 0
github.com/sgnl-ai/caep.dev/ssfreceiver/ssf-hub/internal/registry/registry.go:283.91,288.13 4 0
github.com/sgnl-ai/caep.dev/ssfreceiver/ssf-hub/internal/registry/registry.go:288.13,290.3 1 0
github.com/sgnl-ai/caep.dev/ssfreceiver/ssf-hub/internal/registry/registry.go:292.2,295.12 3 0
github.com/sgnl-ai/caep.dev/ssfreceiver/ssf-hub/internal/registry/registry.go:299.88,304.13 4 0
github.com/sgnl-ai/caep.dev/ssfreceiver/ssf-hub/internal/registry/registry.go:304.13,306.3 1 0
github.com/sgnl-ai/caep.dev/ssfreceiver/ssf-hub/internal/registry/registry.go:309.2,310.20 2 0
github.com/sgnl-ai/caep.dev/ssfreceiver/ssf-hub/internal/registry/registry.go:314.99,316.16 2 1
github.com/sgnl-ai/caep.dev/ssfreceiver/ssf-hub/internal/registry/registry.go:316.16,318.3 1 0
github.com/sgnl-ai/caep.dev/ssfreceiver/ssf-hub/internal/registry/registry.go:320.2,322.37 2 1
github.com/sgnl-ai/caep.dev/ssfreceiver/ssf-hub/internal/registry/registry.go:322.37,324.48 1 1
github.com/sgnl-ai/caep.dev/ssfreceiver/ssf-hub/internal/registry/registry.go:324.48,326.4 1 1
github.com/sgnl-ai/caep.dev/ssfreceiver/ssf-hub/internal/registry/registry.go:329.2,329.31 1 1
github.com/sgnl-ai/caep.dev/ssfreceiver/ssf-hub/internal/registry/registry.go:333.105,335.23 1 1
github.com/sgnl-ai/caep.dev/ssfreceiver/ssf-hub/internal/registry/registry.go:335.23,337.3 1 1
github.com/sgnl-ai/caep.dev/ssfreceiver/ssf-hub/internal/registry/registry.go:340.2,340.33 1 1
github.com/sgnl-ai/caep.dev/ssfreceiver/ssf-hub/internal/registry/registry.go:340.33,341.29 1 1
github.com/sgnl-ai/caep.dev/ssfreceiver/ssf-hub/internal/registry/registry.go:341.29,343.4 1 1
github.com/sgnl-ai/caep.dev/ssfreceiver/ssf-hub/internal/registry/registry.go:346.2,346.13 1 1
github.com/sgnl-ai/caep.dev/ssfreceiver/ssf-hub/internal/registry/registry.go:350.83,351.21 1 1
github.com/sgnl-ai/caep.dev/ssfreceiver/ssf-hub/internal/registry/registry.go:351.21,353.3 1 0
github.com/sgnl-ai/caep.dev/ssfreceiver/ssf-hub/internal/registry/registry.go:355.2,358.32 2 1
github.com/sgnl-ai/caep.dev/ssfreceiver/ssf-hub/internal/registry/registry.go:358.32,361.3 2 1
github.com/sgnl-ai/caep.dev/ssfreceiver/ssf-hub/internal/registry/registry.go:363.2,363.29 1 1
github.com/sgnl-ai/caep.dev/ssfreceiver/ssf-hub/internal/registry/registry.go:363.29,366.3 2 1
github.com/sgnl-ai/caep.dev/ssfreceiver/ssf-hub/internal/registry/registry.go:368.2,368.33 1 1
github.com/sgnl-ai/caep.dev/ssfreceiver/ssf-hub/internal/registry/registry.go:368.33,371.3 2 0
github.com/sgnl-ai/caep.dev/ssfreceiver/ssf-hub/internal/registry/registry.go:374.2,374.35 1 1
github.com/sgnl-ai/caep.dev/ssfreceiver/ssf-hub/internal/registry/registry.go:374.35,376.44 2 1
github.com/sgnl-ai/caep.dev/ssfreceiver/ssf-hub/internal/registry/registry.go:376.44,378.4 1 0
github.com/sgnl-ai/caep.dev/ssfreceiver/ssf-hub/internal/registry/registry.go:381.2,381.22 1 1
github.com/sgnl-ai/caep.dev/ssfreceiver/ssf-hub/internal/registry/registry.go:385.38,389.2 3 1
github.com/sgnl-ai/caep.dev/ssfreceiver/ssf-hub/internal/registry/registry.go:392.72,398.39 4 1
github.com/sgnl-ai/caep.dev/ssfreceiver/ssf-hub/internal/registry/registry.go:398.39,400.3 1 1
github.com/sgnl-ai/caep.dev/ssfreceiver/ssf-hub/internal/registry/registry.go:402.2,402.15 1 1
github.com/sgnl-ai/caep.dev/ssfreceiver/ssf-hub/pkg/models/event.go:104.58,106.18 2 1
github.com/sgnl-ai/caep.dev/ssfreceiver/ssf-hub/pkg/models/event.go:106.18,108.3 1 1
github.com/sgnl-ai/caep.dev/ssfreceiver/ssf-hub/pkg/models/event.go:110.2,110.20 1 1
github.com/sgnl-ai/caep.dev/ssfreceiver/ssf-hub/pkg/models/event.go:111.22,112.34 1 1
github.com/sgnl-ai/caep.dev/ssfreceiver/ssf-hub/pkg/models/event.go:113.24,114.36 1 1
github.com/sgnl-ai/caep.dev/ssfreceiver/ssf-hub/pkg/models/event.go:115.23,116.35 1 0
github.com/sgnl-ai/caep.dev/ssfreceiver/ssf-hub/pkg/models/event.go:117.18,118.30 1 1
github.com/sgnl-ai/caep.dev/ssfreceiver/ssf-hub/pkg/models/event.go:119.22,120.14 1 1
github.com/sgnl-ai/caep.dev/ssfreceiver/ssf-hub/pkg/models/event.go:121.10,122.15 1 0
github.com/sgnl-ai/caep.dev/ssfreceiver/ssf-hub/pkg/models/event.go:127.75,128.17 1 1
github.com/sgnl-ai/caep.dev/ssfreceiver/ssf-hub/pkg/models/event.go:129.12,130.18 1 1
github.com/sgnl-ai/caep.dev/ssfreceiver/ssf-hub/pkg/models/event.go:131.14,132.20 1 1
github.com/sgnl-ai/caep.dev/ssfreceiver/ssf-hub/pkg/models/event.go:133.16,134.22 1 1
github.com/sgnl-ai/caep.dev/ssfreceiver/ssf-hub/pkg/models/event.go:135.24,136.30 1 1
github.com/sgnl-ai/caep.dev/ssfreceiver/ssf-hub/pkg/models/event.go:137.28,138.34 1 1
github.com/sgnl-ai/caep.dev/ssfreceiver/ssf-hub/pkg/models/event.go:139.33,140.38 1 1
github.com/sgnl-ai/caep.dev/ssfreceiver/ssf-hub/pkg/models/event.go:141.10,143.49 1 1
github.com/sgnl-ai/caep.dev/ssfreceiver/ssf-hub/pkg/models/event.go:143.49,146.4 2 1
github.com/sgnl-ai/caep.dev/ssfreceiver/ssf-hub/pkg/models/event.go:147.3,147.57 1 1
github.com/sgnl-ai/caep.dev/ssfreceiver/ssf-hub/pkg/models/event.go:147.57,150.4 2 0
github.com/sgnl-ai/caep.dev/ssfreceiver/ssf-hub/pkg/models/event.go:151.3,151.52 1 1
github.com/sgnl-ai/caep.dev/ssfreceiver/ssf-hub/pkg/models/event.go:151.52,154.4 2 1
github.com/sgnl-ai/caep.dev/ssfreceiver/ssf-hub/pkg/models/event.go:155.3,155.13 1 1
github.com/sgnl-ai/caep.dev/ssfreceiver/ssf-hub/pkg/models/event.go:160.53,162.2 1 1
github.com/sgnl-ai/caep.dev/ssfreceiver/ssf-hub/pkg/models/event.go:165.55,168.18 3 1
github.com/sgnl-ai/caep.dev/ssfreceiver/ssf-hub/pkg/models/event.go:168.18,170.3 1 0
github.com/sgnl-ai/caep.dev/ssfreceiver/ssf-hub/pkg/models/event.go:171.2,171.69 1 1
github.com/sgnl-ai/caep.dev/ssfreceiver/ssf-hub/pkg/models/event.go:175.54,178.2 1 0
github.com/sgnl-ai/caep.dev/ssfreceiver/ssf-hub/pkg/models/event.go:181.49,183.9 2 1
github.com/sgnl-ai/caep.dev/ssfreceiver/ssf-hub/pkg/models/event.go:183.9,185.3 1 0
github.com/sgnl-ai/caep.dev/ssfreceiver/ssf-hub/pkg/models/event.go:186.2,186.30 1 1
github.com/sgnl-ai/caep.dev/ssfreceiver/ssf-hub/pkg/models/event.go:186.30,187.16 1 1
github.com/sgnl-ai/caep.dev/ssfreceiver/ssf-hub/pkg/models/event.go:187.16,189.4 1 1
github.com/sgnl-ai/caep.dev/ssfreceiver/ssf-hub/pkg/models/event.go:191.2,191.14 1 1
github.com/sgnl-ai/caep.dev/ssfreceiver/ssf-hub/pkg/models/event.go:195.50,197.2 1 1
github.com/sgnl-ai/caep.dev/ssfreceiver/ssf-hub/pkg/models/event.go:200.78,202.16 2 1
github.com/sgnl-ai/caep.dev/ssfreceiver/ssf-hub/pkg/models/event.go:202.16,204.3 1 0
github.com/sgnl-ai/caep.dev/ssfreceiver/ssf-hub/pkg/models/event.go:206.2,215.30 2 1
github.com/sgnl-ai/caep.dev/ssfreceiver/ssf-hub/pkg/models/event.go:250.108,273.2 1 0
github.com/sgnl-ai/caep.dev/ssfreceiver/ssf-hub/pkg/models/event.go:276.87,278.16 2 0
github.com/sgnl-ai/caep.dev/ssfreceiver/ssf-hub/pkg/models/event.go:278.16,280.3 1 0
github.com/sgnl-ai/caep.dev/ssfreceiver/ssf-hub/pkg/models/event.go:282.2,298.40 2 0
github.com/sgnl-ai/caep.dev/ssfreceiver/ssf-hub/pkg/models/event.go:298.40,300.3 1 0
github.com/sgnl-ai/caep.dev/ssfreceiver/ssf-hub/pkg/models/event.go:302.2,302.30 1 0
github.com/sgnl-ai/caep.dev/ssfreceiver/ssf-hub/pkg/models/event.go:306.33,308.2 1 0
github.com/sgnl-ai/caep.dev/ssfreceiver/ssf-hub/pkg/models/event.go:311.31,314.2 1 0
github.com/sgnl-ai/caep.dev/ssfreceiver/ssf-hub/pkg/models/event.go:317.52,321.2 3 1
github.com/sgnl-ai/caep.dev/ssfreceiver/ssf-hub/pkg/models/event.go:324.69,328.2 3 0
github.com/sgnl-ai/caep.dev/ssfreceiver/ssf-hub/pkg/models/receiver.go:122.37,123.16 1 1
github.com/sgnl-ai/caep.dev/ssfreceiver/ssf-hub/pkg/models/receiver.go:123.16,125.3 1 1
github.com/sgnl-ai/caep.dev/ssfreceiver/ssf-hub/pkg/models/receiver.go:127.2,127.28 1 1
github.com/sgnl-ai/caep.dev/ssfreceiver/ssf-hub/pkg/models/receiver.go:127.28,129.3 1 1
github.com/sgnl-ai/caep.dev/ssfreceiver/ssf-hub/pkg/models/receiver.go:132.2,132.27 1 1
github.com/sgnl-ai/caep.dev/ssfreceiver/ssf-hub/pkg/models/receiver.go:133.29,134.25 1 1
github.com/sgnl-ai/caep.dev/ssfreceiver/ssf-hub/pkg/models/receiver.go:134.25,136.4 1 1
github.com/sgnl-ai/caep.dev/ssfreceiver/ssf-hub/pkg/models/receiver.go:137.3,137.52 1 1
github.com/sgnl-ai/caep.dev/ssfreceiver/ssf-hub/pkg/models/receiver.go:137.52,139.4 1 1
github.com/sgnl-ai/caep.dev/ssfreceiver/ssf-hub/pkg/models/receiver.go:140.10,141.95 1 1
github.com/sgnl-ai/caep.dev/ssfreceiver/ssf-hub/pkg/models/receiver.go:145.2,145.42 1 1
github.com/sgnl-ai/caep.dev/ssfreceiver/ssf-hub/pkg/models/receiver.go:145.42,147.3 1 0
github.com/sgnl-ai/caep.dev/ssfreceiver/ssf-hub/pkg/models/receiver.go:149.2,149.12 1 1
github.com/sgnl-ai/caep.dev/ssfreceiver/ssf-hub/pkg/models/receiver.go:153.39,154.16 1 1
github.com/sgnl-ai/caep.dev/ssfreceiver/ssf-hub/pkg/models/receiver.go:155.24,155.24 0 1
github.com/sgnl-ai/caep.dev/ssfreceiver/ssf-hub/pkg/models/receiver.go:157.22,158.20 1 1
github.com/sgnl-ai/caep.dev/ssfreceiver/ssf-hub/pkg/models/receiver.go:158.20,160.4 1 1
github.com/sgnl-ai/caep.dev/ssfreceiver/ssf-hub/pkg/models/receiver.go:161.22,162.67 1 1
github.com/sgnl-ai/caep.dev/ssfreceiver/ssf-hub/pkg/models/receiver.go:162.67,164.4 1 1
github.com/sgnl-ai/caep.dev/ssfreceiver/ssf-hub/pkg/models/receiver.go:165.20,166.21 1 1
github.com/sgnl-ai/caep.dev/ssfreceiver/ssf-hub/pkg/models/receiver.go:166.21,168.4 1 1
github.com/sgnl-ai/caep.dev/ssfreceiver/ssf-hub/pkg/models/receiver.go:169.3,169.24 1 1
github.com/sgnl-ai/caep.dev/ssfreceiver/ssf-hub/pkg/models/receiver.go:169.24,171.4 1 1
github.com/sgnl-ai/caep.dev/ssfreceiver/ssf-hub/pkg/models/receiver.go:172.10,173.53 1 1
github.com/sgnl-ai/caep.dev/ssfreceiver/ssf-hub/pkg/models/receiver.go:176.2,176.12 1 1
github.com/sgnl-ai/caep.dev/ssfreceiver/ssf-hub/pkg/models/receiver.go:180.34,181.20 1 1
github.com/sgnl-ai/caep.dev/ssfreceiver/ssf-hub/pkg/models/receiver.go:181.20,183.3 1 1
github.com/sgnl-ai/caep.dev/ssfreceiver/ssf-hub/pkg/models/receiver.go:185.2,185.29 1 1
github.com/sgnl-ai/caep.dev/ssfreceiver/ssf-hub/pkg/models/receiver.go:185.29,187.3 1 1
github.com/sgnl-ai/caep.dev/ssfreceiver/ssf-hub/pkg/models/receiver.go:189.2,189.31 1 1
github.com/sgnl-ai/caep.dev/ssfreceiver/ssf-hub/pkg/models/receiver.go:189.31,191.3 1 1
github.com/sgnl-ai/caep.dev/ssfreceiver/ssf-hub/pkg/models/receiver.go:193.2,193.29 1 1
github.com/sgnl-ai/caep.dev/ssfreceiver/ssf-hub/pkg/models/receiver.go:193.29,195.3 1 1
github.com/sgnl-ai/caep.dev/ssfreceiver/ssf-hub/pkg/models/receiver.go:197.2,197.23 1 1
github.com/sgnl-ai/caep.dev/ssfreceiver/ssf-hub/pkg/models/receiver.go:197.23,199.3 1 1
github.com/sgnl-ai/caep.dev/ssfreceiver/ssf-hub/pkg/models/receiver.go:202.2,202.29 1 1
github.com/sgnl-ai/caep.dev/ssfreceiver/ssf-hub/pkg/models/receiver.go:202.29,204.3 1 1
github.com/sgnl-ai/caep.dev/ssfreceiver/ssf-hub/pkg/models/receiver.go:205.2,205.34 1 1
github.com/sgnl-ai/caep.dev/ssfreceiver/ssf-hub/pkg/models/receiver.go:205.34,207.3 1 1
github.com/sgnl-ai/caep.dev/ssfreceiver/ssf-hub/pkg/models/receiver.go:208.2,208.30 1 1
github.com/sgnl-ai/caep.dev/ssfreceiver/ssf-hub/pkg/models/receiver.go:208.30,210.3 1 1
github.com/sgnl-ai/caep.dev/ssfreceiver/ssf-hub/pkg/models/receiver.go:211.2,211.29 1 1
github.com/sgnl-ai/caep.dev/ssfreceiver/ssf-hub/pkg/models/receiver.go:211.29,213.3 1 1
github.com/sgnl-ai/caep.dev/ssfreceiver/ssf-hub/pkg/models/receiver.go:216.2,217.35 2 1
github.com/sgnl-ai/caep.dev/ssfreceiver/ssf-hub/pkg/models/receiver.go:217.35,219.3 1 1
github.com/sgnl-ai/caep.dev/ssfreceiver/ssf-hub/pkg/models/receiver.go:220.2,222.28 2 1
github.com/sgnl-ai/caep.dev/ssfreceiver/ssf-hub/pkg/models/receiver.go:222.28,224.3 1 1
github.com/sgnl-ai/caep.dev/ssfreceiver/ssf-hub/pkg/models/receiver.go:228.52,246.2 3 1
